0 info it worked if it ends with ok
1 verbose cli [ 'c:\\Program Files\\nodejs\\node.exe',
1 verbose cli   'C:\\Users\\Administrator\\AppData\\Roaming\\npm\\node_modules\\npm\\bin\\npm-cli.js',
1 verbose cli   'install',
1 verbose cli   '-g',
1 verbose cli   'n' ]
2 info using npm@4.0.2
3 info using node@v4.4.4
4 silly loadCurrentTree Starting
5 silly install loadCurrentTree
6 silly install readGlobalPackageData
7 silly fetchPackageMetaData n
8 silly fetchNamedPackageData n
9 silly mapToRegistry name n
10 silly mapToRegistry using default registry
11 silly mapToRegistry registry https://registry.npm.taobao.org/
12 silly mapToRegistry data Result {
12 silly mapToRegistry   raw: 'n',
12 silly mapToRegistry   scope: null,
12 silly mapToRegistry   escapedName: 'n',
12 silly mapToRegistry   name: 'n',
12 silly mapToRegistry   rawSpec: '',
12 silly mapToRegistry   spec: 'latest',
12 silly mapToRegistry   type: 'tag' }
13 silly mapToRegistry uri https://registry.npm.taobao.org/n
14 verbose request uri https://registry.npm.taobao.org/n
15 verbose request no auth needed
16 info attempt registry request try #1 at 3:44:59 PM
17 verbose request id 155819248377c26f
18 verbose etag "13c89-rwYlU5+NyD0uzKipHepwwg"
19 http request GET https://registry.npm.taobao.org/n
20 http 200 https://registry.npm.taobao.org/n
21 verbose headers { date: 'Wed, 05 Apr 2017 07:44:59 GMT',
21 verbose headers   'content-type': 'application/json; charset=utf-8',
21 verbose headers   'content-length': '88159',
21 verbose headers   connection: 'keep-alive',
21 verbose headers   'x-current-requests': '1',
21 verbose headers   etag: '"1585f-wZxgbIGRqquS9A6U3PWo2MxQ/ZI"',
21 verbose headers   'x-readtime': '40' }
22 silly get cb [ 200,
22 silly get   { date: 'Wed, 05 Apr 2017 07:44:59 GMT',
22 silly get     'content-type': 'application/json; charset=utf-8',
22 silly get     'content-length': '88159',
22 silly get     connection: 'keep-alive',
22 silly get     'x-current-requests': '1',
22 silly get     etag: '"1585f-wZxgbIGRqquS9A6U3PWo2MxQ/ZI"',
22 silly get     'x-readtime': '40' } ]
23 verbose get saving n to C:\Users\Administrator\AppData\Roaming\npm-cache\registry.npm.taobao.org\n\.cache.json
24 verbose correctMkdir C:\Users\Administrator\AppData\Roaming\npm-cache correctMkdir not in flight; initializing
25 silly install normalizeTree
26 silly loadCurrentTree Finishing
27 silly loadIdealTree Starting
28 silly install loadIdealTree
29 silly cloneCurrentTree Starting
30 silly install cloneCurrentTreeToIdealTree
31 silly cloneCurrentTree Finishing
32 silly loadShrinkwrap Starting
33 silly install loadShrinkwrap
34 silly loadShrinkwrap Finishing
35 silly loadAllDepsIntoIdealTree Starting
36 silly install loadAllDepsIntoIdealTree
37 silly rollbackFailedOptional Starting
38 silly rollbackFailedOptional Finishing
39 silly runTopLevelLifecycles Finishing
40 silly install printInstalled
41 verbose stack Error: Unsupported platform for n@2.1.7: wanted {"name":"n","description":"Interactively Manage All Your Node Versions","version":"2.1.7","author":{"name":"TJ Holowaychuk","email":"tj@vision-media.ca"},"homepage":"https://github.com/tj/n","bugs":{"url":"https://github.com/tj/n/issues"},"contributors":[{"name":"Travis Webb","email":"me@traviswebb.com","url":"tjw.io"},{"name":"Nimit Kalra","email":"me@nimit.io","url":"http://nimit.io"},{"name":"Troy Connor","email":"troy0820@gmail.com","url":"https://github.com/troy0820"}],"keywords":["nvm","node","version","manager","switcher","node","binary","env"],"bin":{"n":"./bin/n"},"repository":{"type":"git","url":"git://github.com/tj/n.git"},"preferGlobal":true,"os":["!win32"],"engines":{"node":"*"},"license":"MIT","gitHead":"bcec70577549a9a11d89d10284f8890f0debf6d6","_id":"n@2.1.7","scripts":{},"_shasum":"13fe032a5bed0797983bddf27eb0606517c73c74","_from":"n","_npmVersion":"4.4.1","_nodeVersion":"7.7.3","_npmUser":{"name":"troy0820","email":"troy0820@gmail.com"},"dist":{"shasum":"13fe032a5bed0797983bddf27eb0606517c73c74","size":9466,"noattachment":false,"tarball":"http://registry.npm.taobao.org/n/download/n-2.1.7.tgz"},"maintainers":[{"name":"bat","email":"ben@benatkin.com"},{"name":"qw3rtman","email":"nimit@nimitkalra.com"},{"name":"tedgaydos","email":"tedgaydos@gmail.com"},{"name":"tjholowaychuk","email":"tj@vision-media.ca"},{"name":"tjwebb","email":"me@traviswebb.com"},{"name":"troy0820","email":"troy.connor@yahoo.com"}],"_npmOperationalInternal":{"host":"packages-12-west.internal.npmjs.com","tmp":"tmp/n-2.1.7.tgz_1490918508873_0.5233936926815659"},"directories":{},"publish_time":1490918510869,"_hasShrinkwrap":false,"_cnpm_publish_time":1490918510869,"_resolved":"http://registry.npm.taobao.org/n/download/n-2.1.7.tgz","_requested":{"raw":"n","scope":null,"escapedName":"n","name":"n","rawSpec":"","spec":"latest","type":"tag"},"_spec":"n","_where":"e:\\test\\webpack\\antBlog","_args":[[{"raw":"n","scope":null,"escapedName":"n","name":"n","rawSpec":"","spec":"latest","type":"tag"},"e:\\test\\webpack\\antBlog"]],"readme":"ERROR: No README data found!"} (current: {"os":"win32","cpu":"x64"})
41 verbose stack     at checkPlatform (C:\Users\Administrator\AppData\Roaming\npm\node_modules\npm\node_modules\npm-install-checks\index.js:45:14)
41 verbose stack     at thenWarnEngineIssues (C:\Users\Administrator\AppData\Roaming\npm\node_modules\npm\lib\install\validate-args.js:41:5)
41 verbose stack     at C:\Users\Administrator\AppData\Roaming\npm\node_modules\npm\node_modules\iferr\index.js:13:50
41 verbose stack     at checkEngine (C:\Users\Administrator\AppData\Roaming\npm\node_modules\npm\node_modules\npm-install-checks\index.js:24:10)
41 verbose stack     at module.exports.isInstallable (C:\Users\Administrator\AppData\Roaming\npm\node_modules\npm\lib\install\validate-args.js:38:3)
41 verbose stack     at Array.<anonymous> (C:\Users\Administrator\AppData\Roaming\npm\node_modules\npm\node_modules\slide\lib\bind-actor.js:15:8)
41 verbose stack     at LOOP (C:\Users\Administrator\AppData\Roaming\npm\node_modules\npm\node_modules\slide\lib\chain.js:15:14)
41 verbose stack     at C:\Users\Administrator\AppData\Roaming\npm\node_modules\npm\node_modules\slide\lib\chain.js:18:7
41 verbose stack     at checkSelf (C:\Users\Administrator\AppData\Roaming\npm\node_modules\npm\lib\install\validate-args.js:46:72)
41 verbose stack     at Array.<anonymous> (C:\Users\Administrator\AppData\Roaming\npm\node_modules\npm\node_modules\slide\lib\bind-actor.js:15:8)
42 verbose pkgid n@2.1.7
43 verbose cwd e:\test\webpack\antBlog
44 error Windows_NT 6.1.7601
45 error argv "c:\\Program Files\\nodejs\\node.exe" "C:\\Users\\Administrator\\AppData\\Roaming\\npm\\node_modules\\npm\\bin\\npm-cli.js" "install" "-g" "n"
46 error node v4.4.4
47 error npm  v4.0.2
48 error code EBADPLATFORM
49 error notsup Unsupported platform for n@2.1.7: wanted {"os":"!win32","arch":"any"} (current: {"os":"win32","arch":"x64"})
50 error notsup Valid OS:    !win32
50 error notsup Valid Arch:  any
50 error notsup Actual OS:   win32
50 error notsup Actual Arch: x64
51 verbose exit [ 1, true ]
